[2022-07-20 11:11:17] local.ERROR: SQLSTATE[HY000] [2006] MySQL server has gone away (SQL: select * from information_schema.tables where table_schema = prova_cbm and table_name = migrations and table_type = 'BASE TABLE') {"exception":"[object] (Illuminate\\Database\\QueryException(code: 2006): SQLSTATE[HY000] [2006] MySQL server has gone away (SQL: select * from information_schema.tables where table_schema = prova_cbm and table_name = migrations and table_type = 'BASE TABLE') at /mnt/e/CBM/prova/prova-cbm-back/prova/vendor/laravel/framework/src/Illuminate/Database/Connection.php:759)
[stacktrace]
#0 /mnt/e/CBM/prova/prova-cbm-back/prova/vendor/laravel/framework/src/Illuminate/Database/Connection.php(898): Illuminate\\Database\\Connection->runQueryCallback()
#1 /mnt/e/CBM/prova/prova-cbm-back/prova/vendor/laravel/framework/src/Illuminate/Database/Connection.php(878): Illuminate\\Database\\Connection->tryAgainIfCausedByLostConnection()
#2 /mnt/e/CBM/prova/prova-cbm-back/prova/vendor/laravel/framework/src/Illuminate/Database/Connection.php(722): Illuminate\\Database\\Connection->handleQueryException()
#3 /mnt/e/CBM/prova/prova-cbm-back/prova/vendor/laravel/framework/src/Illuminate/Database/Connection.php(421): Illuminate\\Database\\Connection->run()
#4 /mnt/e/CBM/prova/prova-cbm-back/prova/vendor/laravel/framework/src/Illuminate/Database/Schema/MySqlBuilder.php(44): Illuminate\\Database\\Connection->select()
#5 /mnt/e/CBM/prova/prova-cbm-back/prova/vendor/laravel/framework/src/Illuminate/Database/Migrations/DatabaseMigrationRepository.php(169): Illuminate\\Database\\Schema\\MySqlBuilder->hasTable()
#6 /mnt/e/CBM/prova/prova-cbm-back/prova/vendor/laravel/framework/src/Illuminate/Database/Migrations/Migrator.php(674): Illuminate\\Database\\Migrations\\DatabaseMigrationRepository->repositoryExists()
#7 /mnt/e/CBM/prova/prova-cbm-back/prova/vendor/laravel/framework/src/Illuminate/Database/Console/Migrations/MigrateCommand.php(115): Illuminate\\Database\\Migrations\\Migrator->repositoryExists()
#8 /mnt/e/CBM/prova/prova-cbm-back/prova/vendor/laravel/framework/src/Illuminate/Database/Console/Migrations/MigrateCommand.php(79): Illuminate\\Database\\Console\\Migrations\\MigrateCommand->prepareDatabase()
#9 /mnt/e/CBM/prova/prova-cbm-back/prova/vendor/laravel/framework/src/Illuminate/Database/Migrations/Migrator.php(607): Illuminate\\Database\\Console\\Migrations\\MigrateCommand->Illuminate\\Database\\Console\\Migrations\\{closure}()
#10 /mnt/e/CBM/prova/prova-cbm-back/prova/vendor/laravel/framework/src/Illuminate/Database/Console/Migrations/MigrateCommand.php(103): Illuminate\\Database\\Migrations\\Migrator->usingConnection()
#11 /mnt/e/CBM/prova/prova-cbm-back/prova/vendor/laravel/framework/src/Illuminate/Container/BoundMethod.php(36): Illuminate\\Database\\Console\\Migrations\\MigrateCommand->handle()
#12 /mnt/e/CBM/prova/prova-cbm-back/prova/vendor/laravel/framework/src/Illuminate/Container/Util.php(41): Illuminate\\Container\\BoundMethod::Illuminate\\Container\\{closure}()
#13 /mnt/e/CBM/prova/prova-cbm-back/prova/vendor/laravel/framework/src/Illuminate/Container/BoundMethod.php(93): Illuminate\\Container\\Util::unwrapIfClosure()
#14 /mnt/e/CBM/prova/prova-cbm-back/prova/vendor/laravel/framework/src/Illuminate/Container/BoundMethod.php(37): Illuminate\\Container\\BoundMethod::callBoundMethod()
#15 /mnt/e/CBM/prova/prova-cbm-back/prova/vendor/laravel/framework/src/Illuminate/Container/Container.php(651): Illuminate\\Container\\BoundMethod::call()
#16 /mnt/e/CBM/prova/prova-cbm-back/prova/vendor/laravel/framework/src/Illuminate/Console/Command.php(139): Illuminate\\Container\\Container->call()
#17 /mnt/e/CBM/prova/prova-cbm-back/prova/vendor/symfony/console/Command/Command.php(308): Illuminate\\Console\\Command->execute()
#18 /mnt/e/CBM/prova/prova-cbm-back/prova/vendor/laravel/framework/src/Illuminate/Console/Command.php(124): Symfony\\Component\\Console\\Command\\Command->run()
#19 /mnt/e/CBM/prova/prova-cbm-back/prova/vendor/symfony/console/Application.php(998): Illuminate\\Console\\Command->run()
#20 /mnt/e/CBM/prova/prova-cbm-back/prova/vendor/symfony/console/Application.php(299): Symfony\\Component\\Console\\Application->doRunCommand()
#21 /mnt/e/CBM/prova/prova-cbm-back/prova/vendor/symfony/console/Application.php(171): Symfony\\Component\\Console\\Application->doRun()
#22 /mnt/e/CBM/prova/prova-cbm-back/prova/vendor/laravel/framework/src/Illuminate/Console/Application.php(102): Symfony\\Component\\Console\\Application->run()
#23 /mnt/e/CBM/prova/prova-cbm-back/prova/vendor/laravel/framework/src/Illuminate/Foundation/Console/Kernel.php(129): Illuminate\\Console\\Application->run()
#24 /mnt/e/CBM/prova/prova-cbm-back/prova/artisan(37): Illuminate\\Foundation\\Console\\Kernel->handle()
#25 {main}

[previous exception] [object] (PDOException(code: 2006): SQLSTATE[HY000] [2006] MySQL server has gone away at /mnt/e/CBM/prova/prova-cbm-back/prova/vendor/laravel/framework/src/Illuminate/Database/Connectors/Connector.php:70)
[stacktrace]
#0 /mnt/e/CBM/prova/prova-cbm-back/prova/vendor/laravel/framework/src/Illuminate/Database/Connectors/Connector.php(70): PDO->__construct()
#1 /mnt/e/CBM/prova/prova-cbm-back/prova/vendor/laravel/framework/src/Illuminate/Database/Connectors/Connector.php(100): Illuminate\\Database\\Connectors\\Connector->createPdoConnection()
#2 /mnt/e/CBM/prova/prova-cbm-back/prova/vendor/laravel/framework/src/Illuminate/Database/Connectors/Connector.php(50): Illuminate\\Database\\Connectors\\Connector->tryAgainIfCausedByLostConnection()
#3 /mnt/e/CBM/prova/prova-cbm-back/prova/vendor/laravel/framework/src/Illuminate/Database/Connectors/MySqlConnector.php(24): Illuminate\\Database\\Connectors\\Connector->createConnection()
#4 /mnt/e/CBM/prova/prova-cbm-back/prova/vendor/laravel/framework/src/Illuminate/Database/Connectors/ConnectionFactory.php(184): Illuminate\\Database\\Connectors\\MySqlConnector->connect()
#5 [internal function]: Illuminate\\Database\\Connectors\\ConnectionFactory->Illuminate\\Database\\Connectors\\{closure}()
#6 /mnt/e/CBM/prova/prova-cbm-back/prova/vendor/laravel/framework/src/Illuminate/Database/Connection.php(1168): call_user_func()
#7 /mnt/e/CBM/prova/prova-cbm-back/prova/vendor/laravel/framework/src/Illuminate/Database/Connection.php(1204): Illuminate\\Database\\Connection->getPdo()
#8 /mnt/e/CBM/prova/prova-cbm-back/prova/vendor/laravel/framework/src/Illuminate/Database/Connection.php(485): Illuminate\\Database\\Connection->getReadPdo()
#9 /mnt/e/CBM/prova/prova-cbm-back/prova/vendor/laravel/framework/src/Illuminate/Database/Connection.php(413): Illuminate\\Database\\Connection->getPdoForSelect()
#10 /mnt/e/CBM/prova/prova-cbm-back/prova/vendor/laravel/framework/src/Illuminate/Database/Connection.php(752): Illuminate\\Database\\Connection->Illuminate\\Database\\{closure}()
#11 /mnt/e/CBM/prova/prova-cbm-back/prova/vendor/laravel/framework/src/Illuminate/Database/Connection.php(898): Illuminate\\Database\\Connection->runQueryCallback()
#12 /mnt/e/CBM/prova/prova-cbm-back/prova/vendor/laravel/framework/src/Illuminate/Database/Connection.php(878): Illuminate\\Database\\Connection->tryAgainIfCausedByLostConnection()
#13 /mnt/e/CBM/prova/prova-cbm-back/prova/vendor/laravel/framework/src/Illuminate/Database/Connection.php(722): Illuminate\\Database\\Connection->handleQueryException()
#14 /mnt/e/CBM/prova/prova-cbm-back/prova/vendor/laravel/framework/src/Illuminate/Database/Connection.php(421): Illuminate\\Database\\Connection->run()
#15 /mnt/e/CBM/prova/prova-cbm-back/prova/vendor/laravel/framework/src/Illuminate/Database/Schema/MySqlBuilder.php(44): Illuminate\\Database\\Connection->select()
#16 /mnt/e/CBM/prova/prova-cbm-back/prova/vendor/laravel/framework/src/Illuminate/Database/Migrations/DatabaseMigrationRepository.php(169): Illuminate\\Database\\Schema\\MySqlBuilder->hasTable()
#17 /mnt/e/CBM/prova/prova-cbm-back/prova/vendor/laravel/framework/src/Illuminate/Database/Migrations/Migrator.php(674): Illuminate\\Database\\Migrations\\DatabaseMigrationRepository->repositoryExists()
#18 /mnt/e/CBM/prova/prova-cbm-back/prova/vendor/laravel/framework/src/Illuminate/Database/Console/Migrations/MigrateCommand.php(115): Illuminate\\Database\\Migrations\\Migrator->repositoryExists()
#19 /mnt/e/CBM/prova/prova-cbm-back/prova/vendor/laravel/framework/src/Illuminate/Database/Console/Migrations/MigrateCommand.php(79): Illuminate\\Database\\Console\\Migrations\\MigrateCommand->prepareDatabase()
#20 /mnt/e/CBM/prova/prova-cbm-back/prova/vendor/laravel/framework/src/Illuminate/Database/Migrations/Migrator.php(607): Illuminate\\Database\\Console\\Migrations\\MigrateCommand->Illuminate\\Database\\Console\\Migrations\\{closure}()
#21 /mnt/e/CBM/prova/prova-cbm-back/prova/vendor/laravel/framework/src/Illuminate/Database/Console/Migrations/MigrateCommand.php(103): Illuminate\\Database\\Migrations\\Migrator->usingConnection()
#22 /mnt/e/CBM/prova/prova-cbm-back/prova/vendor/laravel/framework/src/Illuminate/Container/BoundMethod.php(36): Illuminate\\Database\\Console\\Migrations\\MigrateCommand->handle()
#23 /mnt/e/CBM/prova/prova-cbm-back/prova/vendor/laravel/framework/src/Illuminate/Container/Util.php(41): Illuminate\\Container\\BoundMethod::Illuminate\\Container\\{closure}()
#24 /mnt/e/CBM/prova/prova-cbm-back/prova/vendor/laravel/framework/src/Illuminate/Container/BoundMethod.php(93): Illuminate\\Container\\Util::unwrapIfClosure()
#25 /mnt/e/CBM/prova/prova-cbm-back/prova/vendor/laravel/framework/src/Illuminate/Container/BoundMethod.php(37): Illuminate\\Container\\BoundMethod::callBoundMethod()
#26 /mnt/e/CBM/prova/prova-cbm-back/prova/vendor/laravel/framework/src/Illuminate/Container/Container.php(651): Illuminate\\Container\\BoundMethod::call()
#27 /mnt/e/CBM/prova/prova-cbm-back/prova/vendor/laravel/framework/src/Illuminate/Console/Command.php(139): Illuminate\\Container\\Container->call()
#28 /mnt/e/CBM/prova/prova-cbm-back/prova/vendor/symfony/console/Command/Command.php(308): Illuminate\\Console\\Command->execute()
#29 /mnt/e/CBM/prova/prova-cbm-back/prova/vendor/laravel/framework/src/Illuminate/Console/Command.php(124): Symfony\\Component\\Console\\Command\\Command->run()
#30 /mnt/e/CBM/prova/prova-cbm-back/prova/vendor/symfony/console/Application.php(998): Illuminate\\Console\\Command->run()
#31 /mnt/e/CBM/prova/prova-cbm-back/prova/vendor/symfony/console/Application.php(299): Symfony\\Component\\Console\\Application->doRunCommand()
#32 /mnt/e/CBM/prova/prova-cbm-back/prova/vendor/symfony/console/Application.php(171): Symfony\\Component\\Console\\Application->doRun()
#33 /mnt/e/CBM/prova/prova-cbm-back/prova/vendor/laravel/framework/src/Illuminate/Console/Application.php(102): Symfony\\Component\\Console\\Application->run()
#34 /mnt/e/CBM/prova/prova-cbm-back/prova/vendor/laravel/framework/src/Illuminate/Foundation/Console/Kernel.php(129): Illuminate\\Console\\Application->run()
#35 /mnt/e/CBM/prova/prova-cbm-back/prova/artisan(37): Illuminate\\Foundation\\Console\\Kernel->handle()
#36 {main}

[previous exception] [object] (PDOException(code: 0): PDO::__construct(): Error while reading greeting packet. PID=252 at /mnt/e/CBM/prova/prova-cbm-back/prova/vendor/laravel/framework/src/Illuminate/Database/Connectors/Connector.php:70)
[stacktrace]
#0 /mnt/e/CBM/prova/prova-cbm-back/prova/vendor/laravel/framework/src/Illuminate/Database/Connectors/Connector.php(70): PDO->__construct()
#1 /mnt/e/CBM/prova/prova-cbm-back/prova/vendor/laravel/framework/src/Illuminate/Database/Connectors/Connector.php(100): Illuminate\\Database\\Connectors\\Connector->createPdoConnection()
#2 /mnt/e/CBM/prova/prova-cbm-back/prova/vendor/laravel/framework/src/Illuminate/Database/Connectors/Connector.php(50): Illuminate\\Database\\Connectors\\Connector->tryAgainIfCausedByLostConnection()
#3 /mnt/e/CBM/prova/prova-cbm-back/prova/vendor/laravel/framework/src/Illuminate/Database/Connectors/MySqlConnector.php(24): Illuminate\\Database\\Connectors\\Connector->createConnection()
#4 /mnt/e/CBM/prova/prova-cbm-back/prova/vendor/laravel/framework/src/Illuminate/Database/Connectors/ConnectionFactory.php(184): Illuminate\\Database\\Connectors\\MySqlConnector->connect()
#5 [internal function]: Illuminate\\Database\\Connectors\\ConnectionFactory->Illuminate\\Database\\Connectors\\{closure}()
#6 /mnt/e/CBM/prova/prova-cbm-back/prova/vendor/laravel/framework/src/Illuminate/Database/Connection.php(1168): call_user_func()
#7 /mnt/e/CBM/prova/prova-cbm-back/prova/vendor/laravel/framework/src/Illuminate/Database/Connection.php(1204): Illuminate\\Database\\Connection->getPdo()
#8 /mnt/e/CBM/prova/prova-cbm-back/prova/vendor/laravel/framework/src/Illuminate/Database/Connection.php(485): Illuminate\\Database\\Connection->getReadPdo()
#9 /mnt/e/CBM/prova/prova-cbm-back/prova/vendor/laravel/framework/src/Illuminate/Database/Connection.php(413): Illuminate\\Database\\Connection->getPdoForSelect()
#10 /mnt/e/CBM/prova/prova-cbm-back/prova/vendor/laravel/framework/src/Illuminate/Database/Connection.php(752): Illuminate\\Database\\Connection->Illuminate\\Database\\{closure}()
#11 /mnt/e/CBM/prova/prova-cbm-back/prova/vendor/laravel/framework/src/Illuminate/Database/Connection.php(898): Illuminate\\Database\\Connection->runQueryCallback()
#12 /mnt/e/CBM/prova/prova-cbm-back/prova/vendor/laravel/framework/src/Illuminate/Database/Connection.php(878): Illuminate\\Database\\Connection->tryAgainIfCausedByLostConnection()
#13 /mnt/e/CBM/prova/prova-cbm-back/prova/vendor/laravel/framework/src/Illuminate/Database/Connection.php(722): Illuminate\\Database\\Connection->handleQueryException()
#14 /mnt/e/CBM/prova/prova-cbm-back/prova/vendor/laravel/framework/src/Illuminate/Database/Connection.php(421): Illuminate\\Database\\Connection->run()
#15 /mnt/e/CBM/prova/prova-cbm-back/prova/vendor/laravel/framework/src/Illuminate/Database/Schema/MySqlBuilder.php(44): Illuminate\\Database\\Connection->select()
#16 /mnt/e/CBM/prova/prova-cbm-back/prova/vendor/laravel/framework/src/Illuminate/Database/Migrations/DatabaseMigrationRepository.php(169): Illuminate\\Database\\Schema\\MySqlBuilder->hasTable()
#17 /mnt/e/CBM/prova/prova-cbm-back/prova/vendor/laravel/framework/src/Illuminate/Database/Migrations/Migrator.php(674): Illuminate\\Database\\Migrations\\DatabaseMigrationRepository->repositoryExists()
#18 /mnt/e/CBM/prova/prova-cbm-back/prova/vendor/laravel/framework/src/Illuminate/Database/Console/Migrations/MigrateCommand.php(115): Illuminate\\Database\\Migrations\\Migrator->repositoryExists()
#19 /mnt/e/CBM/prova/prova-cbm-back/prova/vendor/laravel/framework/src/Illuminate/Database/Console/Migrations/MigrateCommand.php(79): Illuminate\\Database\\Console\\Migrations\\MigrateCommand->prepareDatabase()
#20 /mnt/e/CBM/prova/prova-cbm-back/prova/vendor/laravel/framework/src/Illuminate/Database/Migrations/Migrator.php(607): Illuminate\\Database\\Console\\Migrations\\MigrateCommand->Illuminate\\Database\\Console\\Migrations\\{closure}()
#21 /mnt/e/CBM/prova/prova-cbm-back/prova/vendor/laravel/framework/src/Illuminate/Database/Console/Migrations/MigrateCommand.php(103): Illuminate\\Database\\Migrations\\Migrator->usingConnection()
#22 /mnt/e/CBM/prova/prova-cbm-back/prova/vendor/laravel/framework/src/Illuminate/Container/BoundMethod.php(36): Illuminate\\Database\\Console\\Migrations\\MigrateCommand->handle()
#23 /mnt/e/CBM/prova/prova-cbm-back/prova/vendor/laravel/framework/src/Illuminate/Container/Util.php(41): Illuminate\\Container\\BoundMethod::Illuminate\\Container\\{closure}()
#24 /mnt/e/CBM/prova/prova-cbm-back/prova/vendor/laravel/framework/src/Illuminate/Container/BoundMethod.php(93): Illuminate\\Container\\Util::unwrapIfClosure()
#25 /mnt/e/CBM/prova/prova-cbm-back/prova/vendor/laravel/framework/src/Illuminate/Container/BoundMethod.php(37): Illuminate\\Container\\BoundMethod::callBoundMethod()
#26 /mnt/e/CBM/prova/prova-cbm-back/prova/vendor/laravel/framework/src/Illuminate/Container/Container.php(651): Illuminate\\Container\\BoundMethod::call()
#27 /mnt/e/CBM/prova/prova-cbm-back/prova/vendor/laravel/framework/src/Illuminate/Console/Command.php(139): Illuminate\\Container\\Container->call()
#28 /mnt/e/CBM/prova/prova-cbm-back/prova/vendor/symfony/console/Command/Command.php(308): Illuminate\\Console\\Command->execute()
#29 /mnt/e/CBM/prova/prova-cbm-back/prova/vendor/laravel/framework/src/Illuminate/Console/Command.php(124): Symfony\\Component\\Console\\Command\\Command->run()
#30 /mnt/e/CBM/prova/prova-cbm-back/prova/vendor/symfony/console/Application.php(998): Illuminate\\Console\\Command->run()
#31 /mnt/e/CBM/prova/prova-cbm-back/prova/vendor/symfony/console/Application.php(299): Symfony\\Component\\Console\\Application->doRunCommand()
#32 /mnt/e/CBM/prova/prova-cbm-back/prova/vendor/symfony/console/Application.php(171): Symfony\\Component\\Console\\Application->doRun()
#33 /mnt/e/CBM/prova/prova-cbm-back/prova/vendor/laravel/framework/src/Illuminate/Console/Application.php(102): Symfony\\Component\\Console\\Application->run()
#34 /mnt/e/CBM/prova/prova-cbm-back/prova/vendor/laravel/framework/src/Illuminate/Foundation/Console/Kernel.php(129): Illuminate\\Console\\Application->run()
#35 /mnt/e/CBM/prova/prova-cbm-back/prova/artisan(37): Illuminate\\Foundation\\Console\\Kernel->handle()
#36 {main}
"} 
